#
# A fatal error has been detected by the Java Runtime Environment:
#
#  SIGSEGV (0xb) at pc=0x7cba9730, pid=11314, tid=2124761920
#
# JRE version: 6.0_26-b03
# Java VM: Java HotSpot(TM) Server VM (20.1-b02 mixed mode linux-x86 )
# Problematic frame:
# 
[error occurred during error reporting (printing problematic frame), id 0xb]

# If you would like to submit a bug report, please visit:
#   http://java.sun.com/webapps/bugreport/crash.jsp
# The crash happened outside the Java Virtual Machine in native code.
# See problematic frame for where to report the bug.
#

---------------  T H R E A D  ---------------

Current thread (0x81e26800):  JavaThread "Thread-21" [_thread_in_native, id=16300, stack(0x7ea04000,0x7ea55000)]

siginfo:si_signo=SIGSEGV: si_errno=0, si_code=2 (SEGV_ACCERR), si_addr=0x7cba9730

Registers:
EAX=0x7cba9730, EBX=0x82c5ed88, ECX=0x81e26920, EDX=0x831d6ba0
ESP=0x7ea53c1c, EBP=0x7ea53c54, ESI=0x82c5ed88, EDI=0x81e26800
EIP=0x7cba9730, EFLAGS=0x00210a07, CR2=0x7cba9730

Top of Stack: (sp=0x7ea53c1c)
0x7ea53c1c:   b379f64a 81e26920 7ea53c5c 7ea53c64
0x7ea53c2c:   b3797ee1 b3797fa7 7ea53c34 00000000
0x7ea53c3c:   7ea53c64 831d6ba0 00000000 82c5ed88
0x7ea53c4c:   00000000 7ea53c64 7ea53c88 b3797ee1
0x7ea53c5c:   82c5f188 b379d4a0 a767e6e8 7ea53c68
0x7ea53c6c:   82c5ea19 7ea53c94 831d6ba0 00000000
0x7ea53c7c:   82c5ea40 7ea53c64 7ea53c90 7ea53cb8
0x7ea53c8c:   b3797ee1 a767e6e8 866cbfb8 7ea53c98 

Instructions: (pc=0x7cba9730)
0x7cba9710:   89 54 24 08 89 7c 24 04 89 1c 24 ff 90 98 01 00
0x7cba9720:   00 8d 44 24 38 8d 54 24 30 d9 56 24 d8 35 44 6e
0x7cba9730:   18 00 89 54 24 0c 89 44 24 08 dc 0d 78 6e 18 00
0x7cba9740:   dd 1c 24 e8 fc ff ff ff 8b 15 1c 62 1e 00 dd 44 

Register to memory mapping:

EAX=
[error occurred during error reporting (printing register info), id 0xb]

Stack: [0x7ea04000,0x7ea55000],  sp=0x7ea53c1c,  free space=319k
Native frames: (J=compiled Java code, j=interpreted, Vv=VM code, C=native code)

[error occurred during error reporting (printing native stack), id 0xb]

Java frames: (J=compiled Java code, j=interpreted, Vv=VM code)
j  net.osmand.NativeLibrary.initBinaryMapFile(Ljava/lang/String;)Z+0
j  net.osmand.NativeLibrary.initMapFile(Ljava/lang/String;)Z+1
j  net.osmand.swing.NativeSwingRendering.initFilesInDir(Ljava/io/File;)V+41
j  net.osmand.swing.NativeSwingRendering.getDefaultFromSettings()Lnet/osmand/swing/NativeSwingRendering;+46
j  net.osmand.swing.MapRouterLayer.selfRoute(Lnet/osmand/osm/LatLon;Lnet/osmand/osm/LatLon;)Ljava/util/List;+382
j  net.osmand.swing.MapRouterLayer$6$1.run()V+27
v  ~StubRoutines::call_stub

---------------  P R O C E S S  ---------------

Java Threads: ( => current thread )
=>0x81e26800 JavaThread "Thread-21" [_thread_in_native, id=16300, stack(0x7ea04000,0x7ea55000)]
  0x81e16800 JavaThread "pool-2-thread-5" [_thread_blocked, id=12099, stack(0x7bdaf000,0x7be00000)]
  0x81eb8400 JavaThread "pool-2-thread-4" [_thread_blocked, id=11358, stack(0x7e9b3000,0x7ea04000)]
  0x81eb6400 JavaThread "pool-2-thread-2" [_thread_blocked, id=11356, stack(0x80a1d000,0x80a6e000)]
  0x81eb3000 JavaThread "pool-2-thread-1" [_thread_blocked, id=11355, stack(0x80aaf000,0x80b00000)]
  0xb6805800 JavaThread "DestroyJavaVM" [_thread_blocked, id=11320, stack(0xb691b000,0xb696c000)]
  0x7dd1ec00 JavaThread "AWT-EventQueue-0" [_thread_blocked, id=11346, stack(0x7dcaf000,0x7dd00000)]
  0x7dd1e000 JavaThread "AWT-Shutdown" [_thread_blocked, id=11345, stack(0x7de3f000,0x7de90000)]
  0x8070f800 JavaThread "AWT-XAWT" daemon [_thread_in_native, id=11340, stack(0x80d68000,0x80db9000)]
  0x810cc800 JavaThread "Java2D Disposer" daemon [_thread_blocked, id=11334, stack(0x80df3000,0x80e44000)]
  0x8101c800 JavaThread "Timer-0" daemon [_thread_blocked, id=11333, stack(0x8162e000,0x8167f000)]
  0xb68bd000 JavaThread "Low Memory Detector" daemon [_thread_blocked, id=11331, stack(0x81811000,0x81862000)]
  0xb68bb400 JavaThread "C2 CompilerThread1" daemon [_thread_blocked, id=11330, stack(0x8127f000,0x81300000)]
  0xb68b9800 JavaThread "C2 CompilerThread0" daemon [_thread_blocked, id=11329, stack(0x8167f000,0x81700000)]
  0xb68b7c00 JavaThread "Signal Dispatcher" daemon [_thread_blocked, id=11328, stack(0x81c2e000,0x81c7f000)]
  0xb68a9800 JavaThread "Finalizer" daemon [_thread_blocked, id=11327, stack(0x81f2e000,0x81f7f000)]
  0xb68a8000 JavaThread "Reference Handler" daemon [_thread_blocked, id=11326, stack(0x81862000,0x818b3000)]

Other Threads:
  0xb68a4400 VMThread [stack: 0x818b3000,0x81934000] [id=11325]
  0xb68c7000 WatcherThread [stack: 0x811fe000,0x8127f000] [id=11332]

VM state:not at safepoint (normal execution)

VM Mutex/Monitor currently owned by a thread: None

Heap
 PSYoungGen      total 120192K, used 56062K [0xa4630000, 0xac8c0000, 0xb36d0000)
  eden space 113600K, 43% used [0xa4630000,0xa767fbc0,0xab520000)
  from space 6592K, 99% used [0xac0d0000,0xac73fc48,0xac740000)
  to   space 10048K, 0% used [0xab520000,0xab520000,0xabef0000)
 PSOldGen        total 30848K, used 16644K [0x864d0000, 0x882f0000, 0xa4630000)
  object space 30848K, 53% used [0x864d0000,0x875110d0,0x882f0000)
 PSPermGen       total 16384K, used 14966K [0x824d0000, 0x834d0000, 0x864d0000)
  object space 16384K, 91% used [0x824d0000,0x8336da20,0x834d0000)

Code Cache  [0xb3795000, 0xb39fd000, 0xb6795000)
 total_blobs=998 nmethods=760 adapters=191 free_code_cache=47869504 largest_free_block=25344

Dynamic libraries:
08048000-08052000 r-xp 00000000 08:01 1704751    /usr/lib/jvm/java-6-sun-1.6.0.26/jre/bin/java
08052000-08053000 rwxp 00009000 08:01 1704751    /usr/lib/jvm/java-6-sun-1.6.0.26/jre/bin/java
08c81000-08ce0000 rwxp 00000000 00:00 0          [heap]
75c00000-75dff000 rwxp 00000000 00:00 0 
75dff000-75e00000 ---p 00000000 00:00 0 
75e00000-75ef9000 rwxp 00000000 00:00 0 
75ef9000-75f00000 ---p 00000000 00:00 0 
75f66000-760ad000 r-xp 00000000 08:01 1048742    /usr/lib/i386-linux-gnu/libxml2.so.2.7.8
760ad000-760b1000 r-xp 00147000 08:01 1048742    /usr/lib/i386-linux-gnu/libxml2.so.2.7.8
760b1000-760b2000 rwxp 0014b000 08:01 1048742    /usr/lib/i386-linux-gnu/libxml2.so.2.7.8
760b2000-760b3000 rwxp 00000000 00:00 0 
760b3000-7799b000 r-xp 00000000 08:01 3145802    /usr/share/icons/hicolor/icon-theme.cache
7799b000-7bc00000 r-xp 00000000 08:01 3145801    /usr/share/icons/gnome/icon-theme.cache
7bc00000-7bcfa000 rwxp 00000000 00:00 0 
7bcfa000-7bd00000 ---p 00000000 00:00 0 
7bdaf000-7bdb2000 ---p 00000000 00:00 0 
7bdb2000-7be00000 rwxp 00000000 00:00 0 
7be00000-7bf00000 rwxp 00000000 00:00 0 
7c000000-7c1ac000 rwxp 00000000 00:00 0 
7c1ac000-7c200000 ---p 00000000 00:00 0 
7c200000-7c2fa000 rwxp 00000000 00:00 0 
7c2fa000-7c300000 ---p 00000000 00:00 0 
7c300000-7c3f9000 rwxp 00000000 00:00 0 
7c3f9000-7c400000 ---p 00000000 00:00 0 
7c400000-7c5f9000 rwxp 00000000 00:00 0 
7c5f9000-7c600000 ---p 00000000 00:00 0 
7c600000-7c6f7000 rwxp 00000000 00:00 0 
7c6f7000-7c700000 ---p 00000000 00:00 0 
7c700000-7c800000 rwxp 00000000 00:00 0 
7c800000-7c8fc000 rwxp 00000000 00:00 0 
7c8fc000-7c900000 ---p 00000000 00:00 0 
7c900000-7ca00000 rwxp 00000000 00:00 0 
7ca00000-7cae3000 rwxp 00000000 00:00 0 
7cae3000-7cb00000 ---p 00000000 00:00 0 
7cb19000-7ccfc000 r-xp 00000000 08:01 11144024   /home/victor/projects/OsmAnd/git/Osmand-kernel/lib/linux-x86-release/libosmand.so
7ccfc000-7ccff000 r-xp 001e2000 08:01 11144024   /home/victor/projects/OsmAnd/git/Osmand-kernel/lib/linux-x86-release/libosmand.so
7ccff000-7cd00000 rwxp 001e5000 08:01 11144024   /home/victor/projects/OsmAnd/git/Osmand-kernel/lib/linux-x86-release/libosmand.so
7cd00000-7cd5a000 rwxp 00000000 00:00 0 
7cd5a000-7ce00000 ---p 00000000 00:00 0 
7ce74000-7ceac000 r-xp 00000000 08:01 1053998    /usr/lib/i386-linux-gnu/libcroco-0.6.so.3.0.1
7ceac000-7cead000 ---p 00038000 08:01 1053998    /usr/lib/i386-linux-gnu/libcroco-0.6.so.3.0.1
7cead000-7ceaf000 r-xp 00038000 08:01 1053998    /usr/lib/i386-linux-gnu/libcroco-0.6.so.3.0.1
7ceaf000-7ceb0000 rwxp 0003a000 08:01 1053998    /usr/lib/i386-linux-gnu/libcroco-0.6.so.3.0.1
7ceb0000-7cf88000 r-xp 00000000 08:01 1048896    /usr/lib/i386-linux-gnu/libstdc++.so.6.0.16
7cf88000-7cf89000 ---p 000d8000 08:01 1048896    /usr/lib/i386-linux-gnu/libstdc++.so.6.0.16
7cf89000-7cf8d000 r-xp 000d8000 08:01 1048896    /usr/lib/i386-linux-gnu/libstdc++.so.6.0.16
7cf8d000-7cf8e000 rwxp 000dc000 08:01 1048896    /usr/lib/i386-linux-gnu/libstdc++.so.6.0.16
7cf8e000-7cf95000 rwxp 00000000 00:00 0 
7cf95000-7d465000 rwxs 00000000 00:04 193789961  /SYSV00000000 (deleted)
7d621000-7d641000 r-xs 00000000 08:01 1573174    /usr/share/samba/lowcase.dat
7d641000-7d661000 r-xs 00000000 08:01 1575374    /usr/share/samba/upcase.dat
7d661000-7d669000 r-xp 00000000 08:01 4594916    /lib/i386-linux-gnu/libcrypt-2.15.so
7d669000-7d66a000 r-xp 00007000 08:01 4594916    /lib/i386-linux-gnu/libcrypt-2.15.so
7d66a000-7d66b000 rwxp 00008000 08:01 4594916    /lib/i386-linux-gnu/libcrypt-2.15.so
7d66b000-7d692000 rwxp 00000000 00:00 0 
7d692000-7d734000 r-xp 00000000 08:01 1048729    /usr/lib/i386-linux-gnu/libsqlite3.so.0.8.6
7d734000-7d735000 r-xp 000a2000 08:01 1048729    /usr/lib/i386-linux-gnu/libsqlite3.so.0.8.6
7d735000-7d736000 rwxp 000a3000 08:01 1048729    /usr/lib/i386-linux-gnu/libsqlite3.so.0.8.6
7d736000-7d737000 rwxp 00000000 00:00 0 
7d737000-7d77a000 r-xp 00000000 08:01 1057216    /usr/lib/i386-linux-gnu/libhx509.so.5.0.0
7d77a000-7d77b000 ---p 00043000 08:01 1057216    /usr/lib/i386-linux-gnu/libhx509.so.5.0.0
7d77b000-7d77c000 r-xp 00043000 08:01 1057216    /usr/lib/i386-linux-gnu/libhx509.so.5.0.0
7d77c000-7d77e000 rwxp 00044000 08:01 1057216    /usr/lib/i386-linux-gnu/libhx509.so.5.0.0
7d77e000-7d78b000 r-xp 00000000 08:01 1053730    /usr/lib/i386-linux-gnu/libheimbase.so.1.0.0
7d78b000-7d78c000 r-xp 0000c000 08:01 1053730    /usr/lib/i386-linux-gnu/libheimbase.so.1.0.0
7d78c000-7d78d000 rwxp 0000d000 08:01 1053730    /usr/lib/i386-linux-gnu/libheimbase.so.1.0.0
7d78d000-7d7b4000 r-xp 00000000 08:01 1054129    /usr/lib/i386-linux-gnu/libwind.so.0.0.0
7d7b4000-7d7b5000 r-xp 00027000 08:01 1054129    /usr/lib/i386-linux-gnu/libwind.so.0.0.0
7d7b5000-7d7b6000 rwxp 00028000 08:01 1054129    /usr/lib/i386-linux-gnu/libwind.so.0.0.0
7d7b6000-7d7c6000 r-xp 00000000 08:01 1053495    /usr/lib/i386-linux-gnu/libp11-kit.so.0.0.0
7d7c6000-7d7c7000 r-xp 0000f000 08:01 1053495    /usr/lib/i386-linux-gnu/libp11-kit.so.0.0.0
7d7c7000-7d7c8000 rwxp 00010000 08:01 1053495    /usr/lib/i386-linux-gnu/libp11-kit.so.0.0.0
7d7c8000-7d7d8000 r-xp 00000000 08:01 1048798    /usr/lib/i386-linux-gnu/libtasn1.so.3.1.12
7d7d8000-7d7d9000 r-xp 0000f000 08:01 1048798    /usr/lib/i386-linux-gnu/libtasn1.so.3.1.12
7d7d9000-7d7da000 rwxp 00010000 08:01 1048798    /usr/lib/i386-linux-gnu/libtasn1.so.3.1.12
7d7da000-7d7ee000 r-xp 00000000 08:01 1049760    /usr/lib/i386-linux-gnu/libroken.so.18.1.0
7d7ee000-7d7ef000 r-xp 00013000 08:01 1049760    /usr/lib/i386-linux-gnu/libroken.so.18.1.0
7d7ef000-7d7f0000 rwxp 00014000 08:01 1049760    /usr/lib/i386-linux-gnu/libroken.so.18.1.0
7d7f0000-7d822000 r-xp 00000000 08:01 1053710    /usr/lib/i386-linux-gnu/libhcrypto.so.4.1.0
7d822000-7d823000 r-xp 00032000 08:01 1053710    /usr/lib/i386-linux-gnu/libhcrypto.so.4.1.0
7d823000-7d824000 rwxp 00033000 08:01 1053710    /usr/lib/i386-linux-gnu/libhcrypto.so.4.1.0
7d824000-7d825000 rwxp 00000000 00:00 0 
7d825000-7d8c5000 r-xp 00000000 08:01 1053649    /usr/lib/i386-linux-gnu/libasn1.so.8.0.0
7d8c5000-7d8c6000 ---p 000a0000 08:01 1053649    /usr/lib/i386-linux-gnu/libasn1.so.8.0.0
7d8c6000-7d8c7000 r-xp 000a0000 08:01 1053649    /usr/lib/i386-linux-gnu/libasn1.so.8.0.0
7d8c7000-7d8ca000 rwxp 000a1000 08:01 1053649    /usr/lib/i386-linux-gnu/libasn1.so.8.0.0
7d8ca000-7d949000 r-xp 00000000 08:01 1058208    /usr/lib/i386-linux-gnu/libkrb5.so.26.0.0
7d949000-7d94b000 r-xp 0007e000 08:01 1058208    /usr/lib/i386-linux-gnu/libkrb5.so.26.0.0
7d94b000-7d94d000 rwxp 00080000 08:01 1058208    /usr/lib/i386-linux-gnu/libkrb5.so.26.0.0
7d94d000-7d9cf000 r-xp 00000000 08:01 4590720    /lib/i386-linux-gnu/libgcrypt.so.11.7.0
7d9cf000-7d9d0000 r-xp 00081000 08:01 4590720    /lib/i386-linux-gnu/libgcrypt.so.11.7.0
7d9d0000-7d9d2000 rwxp 00082000 08:01 4590720    /lib/i386-linux-gnu/libgcrypt.so.11.7.0
7d9d2000-7da91000 r-xp 00000000 08:01 1050376    /usr/lib/i386-linux-gnu/libgnutls.so.26.21.8
7da91000-7da95000 r-xp 000be000 08:01 1050376    /usr/lib/i386-linux-gnu/libgnutls.so.26.21.8
7da95000-7da96000 rwxp 000c2000 08:01 1050376    /usr/lib/i386-linux-gnu/libgnutls.so.26.21.8
7da96000-7dad0000 r-xp 00000000 08:01 1058822    /usr/lib/i386-linux-gnu/libgssapi.so.3.0.0
7dad0000-7dad1000 r-xp 00039000 08:01 1058822    /usr/lib/i386-linux-gnu/libgssapi.so.3.0.0
7dad1000-7dad3000 rwxp 0003a000 08:01 1058822    /usr/lib/i386-linux-gnu/libgssapi.so.3.0.0
7dad3000-7daed000 r-xp 00000000 08:01 1048894    /usr/lib/i386-linux-gnu/libsasl2.so.2.0.25
7daed000-7daee000 r-xp 00019000 08:01 1048894    /usr/lib/i386-linux-gnu/libsasl2.so.2.0.25
7daee000-7daef000 rwxp 0001a000 08:01 1048894    /usr/lib/i386-linux-gnu/libsasl2.so.2.0.25
7daef000-7db3d000 r-xp 00000000 08:01 1049534    /usr/lib/i386-linux-gnu/libldap_r-2.4.so.2.8.1
7db3d000-7db3e000 ---p 0004e000 08:01 1049534    /usr/lib/i386-linux-gnu/libldap_r-2.4.so.2.8.1
7db3e000-7db3f000 r-xp 0004e000 08:01 1049534    /usr/lib/i386-linux-gnu/libldap_r-2.4.so.2.8.1
7db3f000-7db40000 rwxp 0004f000 08:01 1049534    /usr/lib/i386-linux-gnu/libldap_r-2.4.so.2.8.1
7db40000-7db41000 rwxp 00000000 00:00 0 
7db41000-7dc9b000 r-xp 00000000 08:01 4591699    /lib/i386-linux-gnu/libnss_wins.so.2
7dc9b000-7dc9c000 ---p 0015a000 08:01 4591699    /lib/i386-linux-gnu/libnss_wins.so.2
7dc9c000-7dcaa000 r-xp 0015a000 08:01 4591699    /lib/i386-linux-gnu/libnss_wins.so.2
7dcaa000-7dcae000 rwxp 00168000 08:01 4591699    /lib/i386-linux-gnu/libnss_wins.so.2
7dcae000-7dcaf000 rwxp 00000000 00:00 0 
7dcaf000-7dcb2000 ---p 00000000 00:00 0 
7dcb2000-7dd00000 rwxp 00000000 00:00 0 
7dd00000-7de00000 rwxp 00000000 00:00 0 
7de01000-7de04000 r-xp 00000000 08:01 4592100    /lib/i386-linux-gnu/libgpg-error.so.0.8.0
7de04000-7de05000 r-xp 00002000 08:01 4592100    /lib/i386-linux-gnu/libgpg-error.so.0.8.0
7de05000-7de06000 rwxp 00003000 08:01 4592100    /lib/i386-linux-gnu/libgpg-error.so.0.8.0
7de06000-7de09000 r-xp 00000000 08:01 4593856    /lib/i386-linux-gnu/libcom_err.so.2.1
7de09000-7de0a000 r-xp 00002000 08:01 4593856    /lib/i386-linux-gnu/libcom_err.so.2.1
7de0a000-7de0b000 rwxp 00003000 08:01 4593856    /lib/i386-linux-gnu/libcom_err.so.2.1
7de0b000-7de11000 r-xp 00000000 08:01 1058625    /usr/lib/i386-linux-gnu/libheimntlm.so.0.1.0
7de11000-7de12000 r-xp 00005000 08:01 1058625    /usr/lib/i386-linux-gnu/libheimntlm.so.0.1.0
7de12000-7de13000 rwxp 00006000 08:01 1058625    /usr/lib/i386-linux-gnu/libheimntlm.so.0.1.0
7de13000-7de1e000 r-xp 00000000 08:01 1060268    /usr/lib/i386-linux-gnu/libtalloc.so.2.0.7
7de1e000-7de1f000 r-xp 0000a000 08:01 1060268    /usr/lib/i386-linux-gnu/libtalloc.so.2.0.7
7de1f000-7de20000 rwxp 0000b000 08:01 1060268    /usr/lib/i386-linux-gnu/libtalloc.so.2.0.7
7de38000-7de3d000 r-xp 00000000 08:01 4594922    /lib/i386-linux-gnu/libnss_dns-2.15.so
7de3d000-7de3e000 r-xp 00004000 08:01 4594922    /lib/i386-linux-gnu/libnss_dns-2.15.so
7de3e000-7de3f000 rwxp 00005000 08:01 4594922    /lib/i386-linux-gnu/libnss_dns-2.15.so
7de3f000-7de42000 ---p 00000000 00:00 0 
7de42000-7de90000 rwxp 00000000 00:00 0 
7de90000-7de91000 ---p 00000000 00:00 0 
7de91000-7e691000 rwxp 00000000 00:00 0 
7e691000-7e6ab000 r-xp 00000000 08:01 1050167    /usr/lib/i386-linux-gnu/libdbusmenu-glib.so.4.0.12
7e6ab000-7e6ac000 r-xp 00019000 08:01 1050167    /usr/lib/i386-linux-gnu/libdbusmenu-glib.so.4.0.12
7e6ac000-7e6ad000 rwxp 0001a000 08:01 1050167    /usr/lib/i386-linux-gnu/libdbusmenu-glib.so.4.0.12
7e6ad000-7e6be000 r-xp 00000000 08:01 1049390    /usr/lib/i386-linux-gnu/libdbusmenu-gtk.so.4.0.12
7e6be000-7e6bf000 r-xp 00010000 08:01 1049390    /usr/lib/i386-linux-gnu/libdbusmenu-gtk.so.4.0.12
7e6bf000-7e6c0000 rwxp 00011000 08:01 1049390    /usr/lib/i386-linux-gnu/libdbusmenu-gtk.so.4.0.12
7e6c0000-7e6ce000 r-xp 00000000 08:01 4591756    /lib/i386-linux-gnu/libudev.so.0.13.0
7e6ce000-7e6cf000 r-xp 0000e000 08:01 4591756    /lib/i386-linux-gnu/libudev.so.0.13.0
7e6cf000-7e6d0000 rwxp 0000f000 08:01 4591756    /lib/i386-linux-gnu/libudev.so.0.13.0
7e6d0000-7e717000 r-xp 00000000 08:01 4591745    /lib/i386-linux-gnu/libdbus-1.so.3.5.8
7e717000-7e718000 r-xp 00046000 08:01 4591745    /lib/i386-linux-gnu/libdbus-1.so.3.5.8
7e718000-7e719000 rwxp 00047000 08:01 4591745    /lib/i386-linux-gnu/libdbus-1.so.3.5.8
7e71b000-7e71f000 r-xp 00000000 08:01 4593852    /lib/i386-linux-gnu/libcap.so.2.22
7e71f000-7e720000 r-xp 00003000 08:01 4593852    /lib/i386-linux-gnu/libcap.so.2.22
7e720000-7e721000 rwxp 00004000 08:01 4593852    /lib/i386-linux-gnu/libcap.so.2.22
7e721000-7e72e000 r-xp 00000000 08:01 1049550    /usr/lib/i386-linux-gnu/liblber-2.4.so.2.8.1
7e72e000-7e72f000 r-xp 0000c000 08:01 1049550    /usr/lib/i386-linux-gnu/liblber-2.4.so.2.8.1
7e72f000-7e730000 rwxp 0000d000 08:01 1049550    /usr/lib/i386-linux-gnu/liblber-2.4.so.2.8.1
7e730000-7e738000 r-xs 00115000 08:01 1069194    /usr/lib/jvm/java-6-sun-1.6.0.26/jre/lib/resources.jar
7e738000-7e761000 r-xp 00000000 08:01 1050054    /usr/lib/i386-linux-gnu/gio/modules/libgvfsdbus.so
7e761000-7e762000 r-xp 00028000 08:01 1050054    /usr/lib/i386-linux-gnu/gio/modules/libgvfsdbus.so
7e762000-7e763000 rwxp 00029000 08:01 1050054    /usr/lib/i386-linux-gnu/gio/modules/libgvfsdbus.so
7e763000-7e7a7000 r-xp 00000000 08:01 1056500    /usr/lib/i386-linux-gnu/libibus-1.0.so.0.401.0
7e7a7000-7e7a8000 r-xp 00043000 08:01 1056500    /usr/lib/i386-linux-gnu/libibus-1.0.so.0.401.0
7e7a8000-7e7a9000 rwxp 00044000 08:01 1056500    /usr/lib/i386-linux-gnu/libibus-1.0.so.0.401.0
7e7aa000-7e7af000 r-xp 00000000 08:01 1051729    /usr/lib/gtk-2.0/2.10.0/menuproxies/libappmenu.so
7e7af000-7e7b0000 r-xp 00004000 08:01 1051729    /usr/lib/gtk-2.0/2.10.0/menuproxies/libappmenu.so
7e7b0000-7e7b1000 rwxp 00005000 08:01 1051729    /usr/lib/gtk-2.0/2.10.0/menuproxies/libappmenu.so
7e7b1000-7e7c6000 r-xp 00000000 08:01 1180051    /usr/lib/i386-linux-gnu/gvfs/libgvfscommon.so
7e7c6000-7e7c7000 r-xp 00014000 08:01 1180051    /usr/lib/i386-linux-gnu/gvfs/libgvfscommon.so
7e7c7000-7e7c8000 rwxp 00015000 08:01 1180051    /usr/lib/i386-linux-gnu/gvfs/libgvfscommon.so
7e7c8000-7e7e5000 r-xp 00000000 08:01 10880965   /usr/share/fonts/truetype/droid/DroidSansMono.ttf
7e7e5000-7e83c000 r-xp 00000000 08:01 3410883    /usr/share/fonts/truetype/ubuntu-font-family/Ubuntu-R.ttf
7e83c000-7e83e000 r-xp 00000000 08:01 1182560    /usr/lib/i386-linux-gnu/pango/1.6.0/modules/pango-basic-fc.so
7e83e000-7e83f000 r-xp 00001000 08:01 1182560    /usr/lib/i386-linux-gnu/pango/1.6.0/modules/pango-basic-fc.so
7e83f000-7e840000 rwxp 00002000 08:01 1182560    /usr/lib/i386-linux-gnu/pango/1.6.0/modules/pango-basic-fc.so
7e840000-7e841000 r-xs 00000000 08:01 14690467   /var/cache/fontconfig/c05880de57d1f5e948fdfacc138775d9-le32d4.cache-3
7e841000-7e847000 r-xs 00000000 08:01 14681347   /var/cache/fontconfig/945677eb7aeaf62f1d50efc3fb3ec7d8-le32d4.cache-3
7e847000-7e849000 r-xs 00000000 08:01 14690397   /var/cache/fontconfig/99e8ed0e538f840c565b6ed5dad60d56-le32d4.cache-3
7e849000-7e84e000 r-xs 00000000 08:01 14690372   /var/cache/fontconfig/e25ca923d7a08ab6b0777bd7eb77ea77-le32d4.cache-3
7e84e000-7e854000 r-xs 00000000 08:01 14690353   /var/cache/fontconfig/a6d8cf8e4ec09cdbc8633c31745a07dd-le32d4.cache-3
7e854000-7e857000 r-xs 00000000 08:01 14690333   /var/cache/fontconfig/2cd17615ca594fa2959ae173292e504c-le32d4.cache-3
7e857000-7e858000 r-xs 00000000 08:01 14689579   /var/cache/fontconfig/e7071f4a29fa870f4323321c154eba04-le32d4.cache-3
7e858000-7e859000 r-xs 00000000 08:01 14689488   /var/cache/fontconfig/0d8c3b2ac0904cb8a57a757ad11a4a08-le32d4.cache-3
7e859000-7e85d000 r-xs 00000000 08:01 14689370   /var/cache/fontconfig/a755afe4a08bf5b97852ceb7400b47bc-le32d4.cache-3
7e85d000-7e864000 r-xs 00000000 08:01 14689346   /var/cache/fontconfig/6d41288fd70b0be22e8c3a91e032eec0-le32d4.cache-3
7e864000-7e86f000 r-xs 00000000 08:01 14689218   /var/cache/fontconfig/04aabc0a78ac019cf9454389977116d2-le32d4.cache-3
7e86f000-7e872000 r-xs 00000000 08:01 14689210   /var/cache/fontconfig/385c0604a188198f04d133e54aba7fe7-le32d4.cache-3
7e872000-7e873000 r-xs 00000000 08:01 14685337   /var/cache/fontconfig/4794a0821666d79190d59a36cb4f44b5-le32d4.cache-3
7e873000-7e876000 r-xs 00000000 08:01 14688377   /var/cache/fontconfig/8801497958630a81b71ace7c5f9b32a8-le32d4.cache-3
7e876000-7e898000 r-xs 00000000 08:01 14691456   /var/cache/fontconfig/365b55f210c0a22e9a19e35191240f32-le32d4.cache-3
7e898000-7e89c000 r-xs 00000000 08:01 14687953   /var/cache/fontconfig/3047814df9a2f067bd2d96a2b9c36e5a-le32d4.cache-3
7e89c000-7e89d000 r-xs 00000000 08:01 14687841   /var/cache/fontconfig/56cf4f4769d0f4abc89a4895d7bd3ae1-le32d4.cache-3
7e89d000-7e89e000 r-xs 00000000 08:01 14687785   /var/cache/fontconfig/b9d506c9ac06c20b433354fa67a72993-le32d4.cache-3
7e89e000-7e8a2000 r-xs 00000000 08:01 14687780   /var/cache/fontconfig/b47c4e1ecd0709278f4910c18777a504-le32d4.cache-3
7e8a2000-7e8a8000 r-xs 00000000 08:01 14687769   /var/cache/fontconfig/52f7bdb7ce746bfd7eaa1985bd9cfa93-le32d4.cache-3
7e8a8000-7e8b5000 r-xs 00000000 08:01 14687768   /var/cache/fontconfig/d52a8644073d54c13679302ca1180695-le32d4.cache-3
7e8b5000-7e8b9000 r-xs 00000000 08:01 14684123   /var/cache/fontconfig/3f7329c5293ffd510edef78f73874cfd-le32d4.cache-3
7e8b9000-7e8c1000 r-xs 00000000 08:01 14681719   /var/cache/fontconfig/e13b20fdb08344e0e664864cc2ede53d-le32d4.cache-3
7e8c1000-7e8c4000 r-xs 00000000 08:01 14681575   /var/cache/fontconfig/7ef2298fde41cc6eeb7af42e48b7d293-le32d4.cache-3
7e8ca000-7e9b3000 r-xp 00000000 08:01 3145747    /usr/share/icons/Humanity/icon-theme.cache
7e9b3000-7e9b6000 ---p 00000000 00:00 0 
7e9b6000-7ea04000 rwxp 00000000 00:00 0 
7ea04000-7ea07000 ---p 00000000 00:00 0 
7ea07000-7ea55000 rwxp 00000000 00:00 0 
7ea65000-7ea9c000 r-xp 00000000 08:01 1051908    /usr/lib/i386-linux-gnu/librsvg-2.so.2.36.1
7ea9c000-7ea9d000 r-xp 00036000 08:01 1051908    /usr/lib/i386-linux-gnu/librsvg-2.so.2.36.1
7ea9d000-7ea9e000 rwxp 00037000 08:01 1051908    /usr/lib/i386-linux-gnu/librsvg-2.so.2.36.1
7ea9e000-7eafe000 rwxs 00000000 00:04 193593344  /SYSV00000000 (deleted)
7eb31000-7eb50000 r-xs 00000000 08:01 1573538    /usr/share/mime/mime.cache
7eb50000-7eb53000 ---p 00000000 00:00 0 
7eb53000-7eba1000 rwxp 00000000 00:00 0 
7ebbb000-7ebde000 r-xp 00000000 08:01 3147467    /usr/share/icons/ubuntu-mono-light/icon-theme.cache
7ebde000-7ebe6000 r-xp 00000000 08:01 1578868    /usr/share/locale-langpack/ru/LC_MESSAGES/gdk-pixbuf.mo
7ebe6000-7ec1b000 r-xp 00000000 08:01 9961624    /usr/lib/i386-linux-gnu/gtk-2.0/2.10.0/engines/libmurrine.so
7ec1b000-7ec1c000 r-xp 00034000 08:01 9961624    /usr/lib/i386-linux-gnu/gtk-2.0/2.10.0/engines/libmurrine.so
7ec1c000-7ec1d000 rwxp 00035000 08:01 9961624    /usr/lib/i386-linux-gnu/gtk-2.0/2.10.0/engines/libmurrine.so
7ec1d000-7ec23000 r-xp 00000000 08:01 1052429    /usr/lib/i386-linux-gnu/libogg.so.0.7.1
7ec23000-7ec24000 r-xp 00005000 08:01 1052429    /usr/lib/i386-linux-gnu/libogg.so.0.7.1
7ec24000-7ec25000 rwxp 00006000 08:01 1052429    /usr/lib/i386-linux-gnu/libogg.so.0.7.1
7ec25000-7ec4e000 r-xp 00000000 08:01 1052359    /usr/lib/i386-linux-gnu/libvorbis.so.0.4.5
7ec4e000-7ec4f000 r-xp 00028000 08:01 1052359    /usr/lib/i386-linux-gnu/libvorbis.so.0.4.5
7ec4f000-7ec50000 rwxp 00029000 08:01 1052359    /usr/lib/i386-linux-gnu/libvorbis.so.0.4.5
7ec50000-7ec58000 r-xp 00000000 08:01 1052391    /usr/lib/i386-linux-gnu/libltdl.so.7.3.0
7ec58000-7ec59000 r-xp 00008000 08:01 1052391    /usr/lib/i386-linux-gnu/libltdl.so.7.3.0
7ec59000-7ec5a000 rwxp 00009000 08:01 1052391    /usr/lib/i386-linux-gnu/libltdl.so.7.3.0
7ec5a000-7ec6b000 r-xp 00000000 08:01 1057269    /usr/lib/i386-linux-gnu/libtdb.so.1.2.9
7ec6b000-7ec6c000 r-xp 00010000 08:01 1057269    /usr/lib/i386-linux-gnu/libtdb.so.1.2.9
7ec6c000-7ec6d000 rwxp 00011000 08:01 1057269    /usr/lib/i386-linux-gnu/libtdb.so.1.2.9
7ec6d000-7ec75000 r-xp 00000000 08:01 1052357    /usr/lib/i386-linux-gnu/libvorbisfile.so.3.3.4
7ec75000-7ec76000 r-xp 00007000 08:01 1052357    /usr/lib/i386-linux-gnu/libvorbisfile.so.3.3.4
7ec76000-7ec77000 rwxp 00008000 08:01 1052357    /usr/lib/i386-linux-gnu/libvorbisfile.so.3.3.4
7ec77000-7ec86000 r-xp 00000000 08:01 1049699    /usr/lib/i386-linux-gnu/libcanberra.so.0.2.5
7ec86000-7ec87000 r-xp 0000e000 08:01 1049699    /usr/lib/i386-linux-gnu/libcanberra.so.0.2.5
7ec87000-7ec88000 rwxp 0000f000 08:01 1049699    /usr/lib/i386-linux-gnu/libcanberra.so.0.2.5
7ec88000-7ec8c000 r-xp 00000000 08:01 1049869    /usr/lib/i386-linux-gnu/libcanberra-gtk.so.0.1.8
7ec8c000-7ec8d000 r-xp 00003000 08:01 1049869    /usr/lib/i386-linux-gnu/libcanberra-gtk.so.0.1.8
7ec8d000-7ec8e000 rwxp 00004000 08:01 1049869    /usr/lib/i386-linux-gnu/libcanberra-gtk.so.0.1.8
7ec8f000-7ec91000 r-xp 00000000 08:01 2359924    /lib/libnss_mdns4_minimal.so.2
7ec91000-7ec92000 r-xp 00001000 08:01 2359924    /lib/libnss_mdns4_minimal.so.2
7ec92000-7ec93000 rwxp 00002000 08:01 2359924    /lib/libnss_mdns4_minimal.so.2
7ec93000-7ec99000 r-xp 00000000 08:01 10495412   /usr/lib/i386-linux-gnu/gtk-2.0/2.10.0/immodules/im-ibus.so
7ec99000-7ec9a000 r-xp 00005000 08:01 10495412   /usr/lib/i386-linux-gnu/gtk-2.0/2.10.0/immodules/im-ibus.so
7ec9a000-7ec9b000 rwxp 00006000 08:01 10495412   /usr/lib/i386-linux-gnu/gtk-2.0/2.10.0/immodules/im-ibus.so
7ecad000-7ecae000 ---p 00000000 00:00 0 
7ecae000-7f4ae000 rwxp 00000000 00:00 0 
7f4ae000-7f4b3000 r-xp 00000000 08:01 9962030    /usr/lib/i386-linux-gnu/gtk-2.0/modules/libcanberra-gtk-module.so
7f4b3000-7f4b4000 r-xp 00004000 08:01 9962030    /usr/lib/i386-linux-gnu/gtk-2.0/modules/libcanberra-gtk-module.so
7f4b4000-7f4b5000 rwxp 00005000 08:01 9962030    /usr/lib/i386-linux-gnu/gtk-2.0/modules/libcanberra-gtk-module.so
7f4b5000-7f4eb000 r-xp 00000000 08:01 1576425    /usr/share/locale-langpack/ru/LC_MESSAGES/gtk20-properties.mo
7f4eb000-7f4ec000 ---p 00000000 00:00 0 
7f4ec000-7fcec000 rwxp 00000000 00:00 0 
7fcec000-7fcf3000 r-xp 00000000 08:01 1050197    /usr/lib/i386-linux-gnu/gio/modules/libdconfsettings.so
7fcf3000-7fcf4000 r-xp 00006000 08:01 1050197    /usr/lib/i386-linux-gnu/gio/modules/libdconfsettings.so
7fcf4000-7fcf5000 rwxp 00007000 08:01 1050197    /usr/lib/i386-linux-gnu/gio/modules/libdconfsettings.so
7fcf5000-7fd1c000 r-xp 00000000 08:01 2228468    /usr/share/glib-2.0/schemas/gschemas.compiled
7fd1c000-7fd3a000 r-xp 00000000 08:01 1575365    /usr/share/locale-langpack/ru/LC_MESSAGES/glib20.mo
7fd3a000-7fd4a000 r-xp 00000000 08:01 1048730    /usr/lib/liboverlay-scrollbar-0.2.so.0.0.16
7fd4a000-7fd4b000 r-xp 0000f000 08:01 1048730    /usr/lib/liboverlay-scrollbar-0.2.so.0.0.16
7fd4b000-7fd4c000 rwxp 00010000 08:01 1048730    /usr/lib/liboverlay-scrollbar-0.2.so.0.0.16
7fd4c000-7fd7a000 r-xp 00000000 08:01 1579010    /usr/share/locale-langpack/ru/LC_MESSAGES/libc.mo
7fd7a000-7fd7b000 r-xp 00000000 08:01 1052703    /usr/lib/i386-linux-gnu/libgthread-2.0.so.0.3200.3
7fd7b000-7fd7c000 r-xp 00000000 08:01 1052703    /usr/lib/i386-linux-gnu/libgthread-2.0.so.0.3200.3
7fd7c000-7fd7d000 rwxp 00001000 08:01 1052703    /usr/lib/i386-linux-gnu/libgthread-2.0.so.0.3200.3
7fd7d000-7fdb7000 r-xp 00000000 08:01 4591720    /lib/i386-linux-gnu/libpcre.so.3.12.1
7fdb7000-7fdb8000 r-xp 00039000 08:01 4591720    /lib/i386-linux-gnu/libpcre.so.3.12.1
7fdb8000-7fdb9000 rwxp 0003a000 08:01 4591720    /lib/i386-linux-gnu/libpcre.so.3.12.1
7fdb9000-7fdbe000 r-xp 00000000 08:01 1054428    /usr/lib/i386-linux-gnu/libffi.so.6.0.0
7fdbe000-7fdbf000 r-xp 00004000 08:01 1054428    /usr/lib/i386-linux-gnu/libffi.so.6.0.0
7fdbf000-7fdc0000 rwxp 00005000 08:01 1054428    /usr/lib/i386-linux-gnu/libffi.so.6.0.0
7fdc0000-7fde6000 r-xp 00000000 08:01 4592073    /lib/i386-linux-gnu/libexpat.so.1.5.2
7fde6000-7fde7000 ---p 00026000 08:01 4592073    /lib/i386-linux-gnu/libexpat.so.1.5.2
7fde7000-7fde9000 r-xp 00026000 08:01 4592073    /lib/i386-linux-gnu/libexpat.so.1.5.2
7fde9000-7fdea000 rwxp 00028000 08:01 4592073    /lib/i386-linux-gnu/libexpat.so.1.5.2
7fdea000-7fdfd000 r-xp 00000000 08:01 4594929    /lib/i386-linux-gnu/libresolv-2.15.so
7fdfd000-7fdfe000 ---p 00013000 08:01 4594929    /lib/i386-linux-gnu/libresolv-2.15.so
7fdfe000-7fdff000 r-xp 00013000 08:01 4594929    /lib/i386-linux-gnu/libresolv-2.15.so
7fdff000-7fe00000 rwxp 00014000 08:01 4594929    /lib/i386-linux-gnu/libresolv-2.15.so
7fe00000-7fe02000 rwxp 00000000 00:00 0 
7fe02000-7fe1f000 r-xp 00000000 08:01 4590477    /lib/i386-linux-gnu/libselinux.so.1
7fe1f000-7fe20000 r-xp 0001c000 08:01 4590477    /lib/i386-linux-gnu/libselinux.so.1
7fe20000-7fe21000 rwxp 0001d000 08:01 4590477    /lib/i386-linux-gnu/libselinux.so.1
7fe21000-7fe24000 r-xp 00000000 08:01 1054473    /usr/lib/i386-linux-gnu/libgmodule-2.0.so.0.3200.3
7fe24000-7fe25000 r-xp 00002000 08:01 1054473    /usr/lib/i386-linux-gnu/libgmodule-2.0.so.0.3200.3
7fe25000-7fe26000 rwxp 00003000 08:01 1054473    /usr/lib/i386-linux-gnu/libgmodule-2.0.so.0.3200.3
7fe26000-7fe3a000 r-xp 00000000 08:01 4593813    /lib/i386-linux-gnu/libz.so.1.2.3.4
7fe3a000-7fe3b000 r-xp 00013000 08:01 4593813    /lib/i386-linux-gnu/libz.so.1.2.3.4
7fe3b000-7fe3c000 rwxp 00014000 08:01 4593813    /lib/i386-linux-gnu/libz.so.1.2.3.4
7fe3c000-7fe44000 r-xp 00000000 08:01 1054526    /usr/lib/i386-linux-gnu/libxcb-render.so.0.0.0
7fe44000-7fe45000 r-xp 00008000 08:01 1054526    /usr/lib/i386-linux-gnu/libxcb-render.so.0.0.0
7fe45000-7fe46000 rwxp 00009000 08:01 1054526    /usr/lib/i386-linux-gnu/libxcb-render.so.0.0.0
7fe46000-7fe48000 r-xp 00000000 08:01 1056172    /usr/lib/i386-linux-gnu/libxcb-shm.so.0.0.0
7fe48000-7fe49000 r-xp 00001000 08:01 1056172    /usr/lib/i386-linux-gnu/libxcb-shm.so.0.0.0
7fe49000-7fe4a000 rwxp 00002000 08:01 1056172    /usr/lib/i386-linux-gnu/libxcb-shm.so.0.0.0
7fe4a000-7fe72000 r-xp 00000000 08:01 4592081    /lib/i386-linux-gnu/libpng12.so.0.46.0
7fe72000-7fe73000 r-xp 00027000 08:01 4592081    /lib/i386-linux-gnu/libpng12.so.0.46.0
7fe73000-7fe74000 rwxp 00028000 08:01 4592081    /lib/i386-linux-gnu/libpng12.so.0.46.0
7fe74000-7ff07000 r-xp 00000000 08:01 1062747    /usr/lib/i386-linux-gnu/libpixman-1.so.0.24.4
7ff07000-7ff0b000 r-xp 00092000 08:01 1062747    /usr/lib/i386-linux-gnu/libpixman-1.so.0.24.4
7ff0b000-7ff0c000 rwxp 00096000 08:01 1062747    /usr/lib/i386-linux-gnu/libpixman-1.so.0.24.4
7ff0c000-7ffa1000 r-xp 00000000 08:01 1050856    /usr/lib/i386-linux-gnu/libfreetype.so.6.8.0
7ffa1000-7ffa5000 r-xp 00094000 08:01 1050856    /usr/lib/i386-linux-gnu/libfreetype.so.6.8.0
7ffa5000-7ffa6000 rwxp 00098000 08:01 1050856    /usr/lib/i386-linux-gnu/libfreetype.so.6.8.0
7ffa6000-7ffad000 r-xp 00000000 08:01 1050732    /usr/lib/i386-linux-gnu/libXrandr.so.2.2.0
7ffad000-7ffae000 r-xp 00006000 08:01 1050732    /usr/lib/i386-linux-gnu/libXrandr.so.2.2.0
7ffae000-7ffaf000 rwxp 00007000 08:01 1050732    /usr/lib/i386-linux-gnu/libXrandr.so.2.2.0
7ffaf000-800a6000 r-xp 00000000 08:01 4590426    /lib/i386-linux-gnu/libglib-2.0.so.0.3200.3
800a6000-800a7000 r-xp 000f6000 08:01 4590426    /lib/i386-linux-gnu/libglib-2.0.so.0.3200.3
800a7000-800a8000 rwxp 000f7000 08:01 4590426    /lib/i386-linux-gnu/libglib-2.0.so.0.3200.3
800a8000-800f5000 r-xp 00000000 08:01 1054508    /usr/lib/i386-linux-gnu/libgobject-2.0.so.0.3200.3
800f5000-800f6000 r-xp 0004c000 08:01 1054508    /usr/lib/i386-linux-gnu/libgobject-2.0.so.0.3200.3
800f6000-800f7000 rwxp 0004d000 08:01 1054508    /usr/lib/i386-linux-gnu/libgobject-2.0.so.0.3200.3
800f7000-8013e000 r-xp 00000000 08:01 1057617    /usr/lib/i386-linux-gnu/libpango-1.0.so.0.3000.0
8013e000-8013f000 ---p 00047000 08:01 1057617    /usr/lib/i386-linux-gnu/libpango-1.0.so.0.3000.0
8013f000-80140000 r-xp 00047000 08:01 1057617    /usr/lib/i386-linux-gnu/libpango-1.0.so.0.3000.0
80140000-80141000 rwxp 00048000 08:01 1057617    /usr/lib/i386-linux-gnu/libpango-1.0.so.0.3000.0
80141000-80294000 r-xp 00000000 08:01 1054470    /usr/lib/i386-linux-gnu/libgio-2.0.so.0.3200.3
80294000-80296000 r-xp 00153000 08:01 1054470    /usr/lib/i386-linux-gnu/libgio-2.0.so.0.3200.3
80296000-80297000 rwxp 00155000 08:01 1054470    /usr/lib/i386-linux-gnu/libgio-2.0.so.0.3200.3
80297000-80298000 rwxp 00000000 00:00 0 
80298000-806f8000 r-xp 00000000 08:01 1049483    /usr/lib/i386-linux-gnu/libgtk-x11-2.0.so.0.2400.10
806f8000-806fc000 r-xp 00460000 08:01 1049483    /usr/lib/i386-linux-gnu/libgtk-x11-2.0.so.0.2400.10
806fc000-806fe000 rwxp 00464000 08:01 1049483    /usr/lib/i386-linux-gnu/libgtk-x11-2.0.so.0.2400.10
806fe000-80700000 rwxp 00000000 00:00 0 
80700000-80800000 rwxp 00000000 00:00 0 
80801000-80833000 r-xp 00000000 08:01 1068889    /usr/lib/i386-linux-gnu/libfontconfig.so.1.4.4
80833000-80834000 r-xp 00032000 08:01 1068889    /usr/lib/i386-linux-gnu/libfontconfig.so.1.4.4
80834000-80835000 rwxp 00033000 08:01 1068889    /usr/lib/i386-linux-gnu/libfontconfig.so.1.4.4
80835000-808fc000 r-xp 00000000 08:01 1051786    /usr/lib/i386-linux-gnu/libcairo.so.2.11000.2
808fc000-808fd000 r-xp 000c7000 08:01 1051786    /usr/lib/i386-linux-gnu/libcairo.so.2.11000.2
808fd000-808fe000 rwxp 000c8000 08:01 1051786    /usr/lib/i386-linux-gnu/libcairo.so.2.11000.2
808fe000-80900000 rwxp 00000000 00:00 0 
80900000-80a00000 rwxp 00000000 00:00 0 
80a1d000-80a20000 ---p 00000000 00:00 0 
80a20000-80a6e000 rwxp 00000000 00:00 0 
80a6e000-80a8a000 r-xp 00000000 08:01 4592031    /lib/i386-linux-gnu/libgcc_s.so.1
80a8a000-80a8b000 r-xp 0001b000 08:01 4592031    /lib/i386-linux-gnu/libgcc_s.so.1
80a8b000-80a8c000 rwxp 0001c000 08:01 4592031    /lib/i386-linux-gnu/libgcc_s.so.1
80aa0000-80aa4000 rwxs 00000000 00:04 239042571  /SYSV00000000 (deleted)
80aa8000-80aa9000 r-xp 00000000 08:01 9306812    /usr/lib/i386-linux-gnu/gdk-pixbuf-2.0/2.10.0/loaders/libpixbufloader-svg.so
80aa9000-80aaa000 r-xp 00000000 08:01 9306812    /usr/lib/i386-linux-gnu/gdk-pixbuf-2.0/2.10.0/loaders/libpixbufloader-svg.so
80aaa000-80aab000 rwxp 00001000 08:01 9306812    /usr/lib/i386-linux-gnu/gdk-pixbuf-2.0/2.10.0/loaders/libpixbufloader-svg.so
80aab000-80aaf000 r-xs 000cb000 08:01 1318458    /usr/lib/jvm/java-6-sun-1.6.0.26/jre/lib/ext/localedata.jar
80aaf000-80ab2000 ---p 00000000 00:00 0 
80ab2000-80b00000 rwxp 00000000 00:00 0 
80b00000-80beb000 rwxp 00000000 00:00 0 
80beb000-80c00000 ---p 00000000 00:00 0 
80c01000-80c02000 r-xs 00000000 08:01 7996230    /home/victor/.local/share/mime/mime.cache
80c02000-80c04000 r-xp 00000000 08:01 1058843    /usr/lib/i386-linux-gnu/libXdamage.so.1.1.0
80c04000-80c05000 r-xp 00001000 08:01 1058843    /usr/lib/i386-linux-gnu/libXdamage.so.1.1.0
80c05000-80c06000 rwxp 00002000 08:01 1058843    /usr/lib/i386-linux-gnu/libXdamage.so.1.1.0
80c06000-80cb1000 r-xp 00000000 08:01 1055342    /usr/lib/i386-linux-gnu/libgdk-x11-2.0.so.0.2400.10
80cb1000-80cb2000 ---p 000ab000 08:01 1055342    /usr/lib/i386-linux-gnu/libgdk-x11-2.0.so.0.2400.10
80cb2000-80cb4000 r-xp 000ab000 08:01 1055342    /usr/lib/i386-linux-gnu/libgdk-x11-2.0.so.0.2400.10
80cb4000-80cb5000 rwxp 000ad000 08:01 1055342    /usr/lib/i386-linux-gnu/libgdk-x11-2.0.so.0.2400.10
80cb5000-80cb6000 r-xs 00000000 08:01 14690467   /var/cache/fontconfig/c05880de57d1f5e948fdfacc138775d9-le32d4.cache-3
80cb6000-80cbc000 r-xs 00000000 08:01 14681347   /var/cache/fontconfig/945677eb7aeaf62f1d50efc3fb3ec7d8-le32d4.cache-3
80cbc000-80cbe000 r-xs 00000000 08:01 14690397   /var/cache/fontconfig/99e8ed0e538f840c565b6ed5dad60d56-le32d4.cache-3
80cbe000-80cc3000 r-xs 00000000 08:01 14690372   /var/cache/fontconfig/e25ca923d7a08ab6b0777bd7eb77ea77-le32d4.cache-3
80cc3000-80ce5000 r-xs 00000000 08:01 14691456   /var/cache/fontconfig/365b55f210c0a22e9a19e35191240f32-le32d4.cache-3
80ce5000-80ce6000 rwxp 00000000 00:00 0 
80ce6000-80ce8000 r-xp 00000000 08:01 1058839    /usr/lib/i386-linux-gnu/libXcomposite.so.1.0.0
80ce8000-80ce9000 r-xp 00001000 08:01 1058839    /usr/lib/i386-linux-gnu/libXcomposite.so.1.0.0
80ce9000-80cea000 rwxp 00002000 08:01 1058839    /usr/lib/i386-linux-gnu/libXcomposite.so.1.0.0
80cea000-80cec000 r-xp 00000000 08:01 1073877    /usr/lib/i386-linux-gnu/libXinerama.so.1.0.0
80cec000-80ced000 r-xp 00001000 08:01 1073877    /usr/lib/i386-linux-gnu/libXinerama.so.1.0.0
80ced000-80cee000 rwxp 00002000 08:01 1073877    /usr/lib/i386-linux-gnu/libXinerama.so.1.0.0
80cee000-80d18000 r-xp 00000000 08:01 1049496    /usr/lib/i386-linux-gnu/libpangoft2-1.0.so.0.3000.0
80d18000-80d19000 r-xp 00029000 08:01 1049496    /usr/lib/i386-linux-gnu/libpangoft2-1.0.so.0.3000.0
80d19000-80d1a000 rwxp 0002a000 08:01 1049496    /usr/lib/i386-linux-gnu/libpangoft2-1.0.so.0.3000.0
80d1a000-80d39000 r-xp 00000000 08:01 1053782    /usr/lib/i386-linux-gnu/libgdk_pixbuf-2.0.so.0.2600.1
80d39000-80d3a000 r-xp 0001e000 08:01 1053782    /usr/lib/i386-linux-gnu/libgdk_pixbuf-2.0.so.0.2600.1
80d3a000-80d3b000 rwxp 0001f000 08:01 1053782    /usr/lib/i386-linux-gnu/libgdk_pixbuf-2.0.so.0.2600.1
80d3b000-80d58000 r-xp 00000000 08:01 1073865    /usr/lib/i386-linux-gnu/libatk-1.0.so.0.20409.1
80d58000-80d5a000 r-xp 0001c000 08:01 1073865    /usr/lib/i386-linux-gnu/libatk-1.0.so.0.20409.1
80d5a000-80d5b000 rwxp 0001e000 08:01 1073865    /usr/lib/i386-linux-gnu/libatk-1.0.so.0.20409.1
80d5b000-80d66000 r-xp 00000000 08:01 1057619    /usr/lib/i386-linux-gnu/libpangocairo-1.0.so.0.3000.0
80d66000-80d67000 r-xp 0000a000 08:01 1057619    /usr/lib/i386-linux-gnu/libpangocairo-1.0.so.0.3000.0
80d67000-80d68000 rwxp 0000b000 08:01 1057619    /usr/lib/i386-linux-gnu/libpangocairo-1.0.so.0.3000.0
80d68000-80d6b000 ---p 00000000 00:00 0 
80d6b000-80db9000 rwxp 00000000 00:00 0 
80db9000-80dbd000 r-xp 00000000 08:01 1052312    /usr/lib/i386-linux-gnu/libXfixes.so.3.1.0
80dbd000-80dbe000 r-xp 00004000 08:01 1052312    /usr/lib/i386-linux-gnu/libXfixes.so.3.1.0
80dbe000-80dbf000 rwxp 00005000 08:01 1052312    /usr/lib/i386-linux-gnu/libXfixes.so.3.1.0
80dbf000-80dc7000 r-xp 00000000 08:01 1056737    /usr/lib/i386-linux-gnu/libXrender.so.1.3.0
80dc7000-80dc8000 r-xp 00007000 08:01 1056737    /usr/lib/i386-linux-gnu/libXrender.so.1.3.0
80dc8000-80dc9000 rwxp 00008000 08:01 1056737    /usr/lib/i386-linux-gnu/libXrender.so.1.3.0
80dc9000-80dd2000 r-xp 00000000 08:01 1048932    /usr/lib/i386-linux-gnu/libXcursor.so.1.0.2
80dd2000-80dd3000 r-xp 00008000 08:01 1048932    /usr/lib/i386-linux-gnu/libXcursor.so.1.0.2
80dd3000-80dd4000 rwxp 00009000 08:01 1048932    /usr/lib/i386-linux-gnu/libXcursor.so.1.0.2
80dd4000-80ddb000 r-xp 00000000 08:01 6684931    /home/victor/.config/dconf/user (deleted)
80ddb000-80de2000 r-xs 00000000 08:01 1056714    /usr/lib/i386-linux-gnu/gconv/gconv-modules.cache
80de2000-80df3000 r-xp 00000000 08:01 1576523    /usr/share/locale-langpack/ru/LC_MESSAGES/gtk20.mo
80df3000-80df6000 ---p 00000000 00:00 0 
80df6000-80e44000 rwxp 00000000 00:00 0 
80e44000-80ebd000 r-xp 00000000 08:01 1709438    /usr/lib/jvm/java-6-sun-1.6.0.26/jre/lib/i386/libfontmanager.so
80ebd000-80ec7000 rwxp 00078000 08:01 1709438    /usr/lib/jvm/java-6-sun-1.6.0.26/jre/lib/i386/libfontmanager.so
80ec7000-80ecc000 rwxp 00000000 00:00 0 
80ecc000-80ffc000 r-xp 00000000 08:01 1049746    /usr/lib/i386-linux-gnu/libX11.so.6.3.0
80ffc000-80ffd000 r-xp 0012f000 08:01 1049746    /usr/lib/i386-linux-gnu/libX11.so.6.3.0
80ffd000-80fff000 rwxp 00130000 08:01 1049746    /usr/lib/i386-linux-gnu/libX11.so.6.3.0
80fff000-81000000 rwxp 00000000 00:00 0 
81000000-81100000 rwxp 00000000 00:00 0 
81100000-81101000 rwxp 00000000 00:00 0 
81101000-81102000 r-xs 00000000 08:01 6684932    /home/victor/.cache/dconf/user (deleted)
81102000-81108000 r-xs 00000000 08:01 14690353   /var/cache/fontconfig/a6d8cf8e4ec09cdbc8633c31745a07dd-le32d4.cache-3
81108000-8114b000 r-xp 00000000 08:01 1709435    /usr/lib/jvm/java-6-sun-1.6.0.26/jre/lib/i386/xawt/libmawt.so
8114b000-8114d000 rwxp 00043000 08:01 1709435    /usr/lib/jvm/java-6-sun-1.6.0.26/jre/lib/i386/xawt/libmawt.so
8114d000-8114e000 rwxp 00000000 00:00 0 
8114e000-811d3000 r-xp 00000000 08:01 1709432    /usr/lib/jvm/java-6-sun-1.6.0.26/jre/lib/i386/libawt.so
811d3000-811da000 rwxp 00085000 08:01 1709432    /usr/lib/jvm/java-6-sun-1.6.0.26/jre/lib/i386/libawt.so
811da000-811fe000 rwxp 00000000 00:00 0 
811fe000-811ff000 ---p 00000000 00:00 0 
811ff000-8127f000 rwxp 00000000 00:00 0 
8127f000-81282000 ---p 00000000 00:00 0 
81282000-81300000 rwxp 00000000 00:00 0 
81300000-81500000 r-xp 00000000 08:01 1049620    /usr/lib/locale/locale-archive
81500000-815a6000 rwxp 00000000 00:00 0 
815a6000-81600000 ---p 00000000 00:00 0 
81600000-81601000 r-xs 00000000 08:01 14689579   /var/cache/fontconfig/e7071f4a29fa870f4323321c154eba04-le32d4.cache-3
81601000-81602000 r-xs 00000000 08:01 14689488   /var/cache/fontconfig/0d8c3b2ac0904cb8a57a757ad11a4a08-le32d4.cache-3
81602000-81606000 r-xs 00000000 08:01 14689370   /var/cache/fontconfig/a755afe4a08bf5b97852ceb7400b47bc-le32d4.cache-3
81606000-8160d000 r-xs 00000000 08:01 14689346   /var/cache/fontconfig/6d41288fd70b0be22e8c3a91e032eec0-le32d4.cache-3
8160d000-8162c000 r-xp 00000000 08:01 1049060    /usr/lib/i386-linux-gnu/libxcb.so.1.1.0
8162c000-8162d000 r-xp 0001f000 08:01 1049060    /usr/lib/i386-linux-gnu/libxcb.so.1.1.0
8162d000-8162e000 rwxp 00020000 08:01 1049060    /usr/lib/i386-linux-gnu/libxcb.so.1.1.0
8162e000-81631000 ---p 00000000 00:00 0 
81631000-8167f000 rwxp 00000000 00:00 0 
8167f000-81682000 ---p 00000000 00:00 0 
81682000-81700000 rwxp 00000000 00:00 0 
81700000-817fc000 rwxp 00000000 00:00 0 
817fc000-81800000 ---p 00000000 00:00 0 
81800000-81803000 r-xs 00000000 08:01 14690333   /var/cache/fontconfig/2cd17615ca594fa2959ae173292e504c-le32d4.cache-3
81803000-8180e000 r-xs 00000000 08:01 14689218   /var/cache/fontconfig/04aabc0a78ac019cf9454389977116d2-le32d4.cache-3
8180e000-81811000 r-xs 00000000 08:01 14689210   /var/cache/fontconfig/385c0604a188198f04d133e54aba7fe7-le32d4.cache-3
81811000-81814000 ---p 00000000 00:00 0 
81814000-81862000 rwxp 00000000 00:00 0 
81862000-81865000 ---p 00000000 00:00 0 
81865000-818b3000 rwxp 00000000 00:00 0 
818b3000-818b4000 ---p 00000000 00:00 0 
818b4000-81968000 rwxp 00000000 00:00 0 
81968000-81b00000 r-xs 03029000 08:01 1069222    /usr/lib/jvm/java-6-sun-1.6.0.26/jre/lib/rt.jar
81b00000-81bf9000 rwxp 00000000 00:00 0 
81bf9000-81c00000 ---p 00000000 00:00 0 
81c00000-81c01000 r-xs 00000000 08:01 14687841   /var/cache/fontconfig/56cf4f4769d0f4abc89a4895d7bd3ae1-le32d4.cache-3
81c01000-81c02000 r-xs 00000000 08:01 14687785   /var/cache/fontconfig/b9d506c9ac06c20b433354fa67a72993-le32d4.cache-3
81c02000-81c06000 r-xs 00000000 08:01 14687780   /var/cache/fontconfig/b47c4e1ecd0709278f4910c18777a504-le32d4.cache-3
81c06000-81c0c000 r-xs 00000000 08:01 14687769   /var/cache/fontconfig/52f7bdb7ce746bfd7eaa1985bd9cfa93-le32d4.cache-3
81c0c000-81c1a000 r-xp 00000000 08:01 1073881    /usr/lib/i386-linux-gnu/libXi.so.6.1.0
81c1a000-81c1b000 r-xp 0000d000 08:01 1073881    /usr/lib/i386-linux-gnu/libXi.so.6.1.0
81c1b000-81c1c000 rwxp 0000e000 08:01 1073881    /usr/lib/i386-linux-gnu/libXi.so.6.1.0
81c1c000-81c2c000 r-xp 00000000 08:01 1051434    /usr/lib/i386-linux-gnu/libXext.so.6.4.0
81c2c000-81c2d000 r-xp 0000f000 08:01 1051434    /usr/lib/i386-linux-gnu/libXext.so.6.4.0
81c2d000-81c2e000 rwxp 00010000 08:01 1051434    /usr/lib/i386-linux-gnu/libXext.so.6.4.0
81c2e000-81c31000 ---p 00000000 00:00 0 
81c31000-81c7f000 rwxp 00000000 00:00 0 
81c7f000-81c80000 ---p 00000000 00:00 0 
81c80000-81d00000 rwxp 00000000 00:00 0 
81d00000-81d21000 rwxp 00000000 00:00 0 
81d21000-81e00000 ---p 00000000 00:00 0 
81e00000-81ed6000 rwxp 00000000 00:00 0 
81ed6000-81f00000 ---p 00000000 00:00 0 
81f00000-81f04000 r-xs 00000000 08:01 14687953   /var/cache/fontconfig/3047814df9a2f067bd2d96a2b9c36e5a-le32d4.cache-3
81f04000-81f09000 r-xp 00000000 08:01 1050294    /usr/lib/i386-linux-gnu/libXdmcp.so.6.0.0
81f09000-81f0a000 r-xp 00004000 08:01 1050294    /usr/lib/i386-linux-gnu/libXdmcp.so.6.0.0
81f0a000-81f0b000 rwxp 00005000 08:01 1050294    /usr/lib/i386-linux-gnu/libXdmcp.so.6.0.0
81f0b000-81f0d000 r-xp 00000000 08:01 1049784    /usr/lib/i386-linux-gnu/libXau.so.6.0.0
81f0d000-81f0e000 r-xp 00001000 08:01 1049784    /usr/lib/i386-linux-gnu/libXau.so.6.0.0
81f0e000-81f0f000 rwxp 00002000 08:01 1049784    /usr/lib/i386-linux-gnu/libXau.so.6.0.0
81f0f000-81f12000 r-xs 00000000 08:01 14688377   /var/cache/fontconfig/8801497958630a81b71ace7c5f9b32a8-le32d4.cache-3
81f12000-81f1f000 r-xs 00000000 08:01 14687768   /var/cache/fontconfig/d52a8644073d54c13679302ca1180695-le32d4.cache-3
81f1f000-81f23000 r-xs 00000000 08:01 14684123   /var/cache/fontconfig/3f7329c5293ffd510edef78f73874cfd-le32d4.cache-3
81f23000-81f2b000 r-xs 00000000 08:01 14681719   /var/cache/fontconfig/e13b20fdb08344e0e664864cc2ede53d-le32d4.cache-3
81f2b000-81f2e000 r-xs 00000000 08:01 14681575   /var/cache/fontconfig/7ef2298fde41cc6eeb7af42e48b7d293-le32d4.cache-3
81f2e000-81f31000 ---p 00000000 00:00 0 
81f31000-81f7f000 rwxp 00000000 00:00 0 
81f7f000-81f80000 ---p 00000000 00:00 0 
81f80000-82000000 rwxp 00000000 00:00 0 
82000000-82100000 rwxp 00000000 00:00 0 
82100000-82101000 r-xs 00000000 08:01 14685337   /var/cache/fontconfig/4794a0821666d79190d59a36cb4f44b5-le32d4.cache-3
82101000-82106000 r-xp 00000000 08:01 1054082    /usr/lib/i386-linux-gnu/libXtst.so.6.1.0
82106000-82107000 r-xp 00004000 08:01 1054082    /usr/lib/i386-linux-gnu/libXtst.so.6.1.0
82107000-82108000 rwxp 00005000 08:01 1054082    /usr/lib/i386-linux-gnu/libXtst.so.6.1.0
82108000-8210f000 r-xp 00000000 08:01 1709422    /usr/lib/jvm/java-6-sun-1.6.0.26/jre/lib/i386/libnio.so
8210f000-82110000 rwxp 00006000 08:01 1709422    /usr/lib/jvm/java-6-sun-1.6.0.26/jre/lib/i386/libnio.so
82110000-82124000 r-xp 00000000 08:01 1709421    /usr/lib/jvm/java-6-sun-1.6.0.26/jre/lib/i386/libnet.so
82124000-82125000 rwxp 00013000 08:01 1709421    /usr/lib/jvm/java-6-sun-1.6.0.26/jre/lib/i386/libnet.so
82125000-8212c000 r-xs 000ba000 08:01 7995778    /home/victor/projects/OsmAnd/git/DataExtractionOSM/lib/mysql-connector-java-5.1.18-bin.jar
8212c000-8212f000 r-xs 00036000 08:01 7995769    /home/victor/projects/OsmAnd/git/DataExtractionOSM/lib/jsch-20120101.jar
8212f000-82133000 r-xs 00301000 08:01 7997743    /home/victor/projects/OsmAnd/git/DataExtractionOSM/lib/sqlite-jdbc-3.7.6.3-20110609.081603-3.jar
82133000-82134000 ---p 00000000 00:00 0 
82134000-821b4000 rwxp 00000000 00:00 0 
821b4000-821b5000 ---p 00000000 00:00 0 
821b5000-8223d000 rwxp 00000000 00:00 0 
8223d000-82245000 ---p 00000000 00:00 0 
82245000-82255000 rwxp 00000000 00:00 0 
82255000-82265000 rwxp 00000000 00:00 0 
82265000-82346000 rwxp 00000000 00:00 0 
82346000-8234e000 rwxp 00000000 00:00 0 
8234e000-82356000 ---p 00000000 00:00 0 
82356000-82366000 rwxp 00000000 00:00 0 
82366000-82376000 rwxp 00000000 00:00 0 
82376000-82456000 rwxp 00000000 00:00 0 
82456000-82498000 rwxp 00000000 00:00 0 
82498000-824bc000 ---p 00000000 00:00 0 
824bc000-824cf000 rwxp 00000000 00:00 0 
824cf000-834d0000 rwxp 00000000 00:00 0 
834d0000-84350000 ---p 00000000 00:00 0 
84350000-864d0000 rwxp 00000000 00:00 0 
864d0000-882f0000 rwxp 00000000 00:00 0 
882f0000-a4630000 rwxp 00000000 00:00 0 
a4630000-ac8c0000 rwxp 00000000 00:00 0 
ac8c0000-b0f90000 ---p 00000000 00:00 0 
b0f90000-b36d0000 rwxp 00000000 00:00 0 
b36d0000-b36d5000 r-xs 0005b000 08:01 7995471    /home/victor/projects/OsmAnd/git/DataExtractionOSM/lib/junidecode-0.1.jar
b36d5000-b36df000 rwxp 00000000 00:00 0 
b36df000-b3795000 rwxp 00000000 00:00 0 
b3795000-b39fd000 rwxp 00000000 00:00 0 
b39fd000-b6795000 rwxp 00000000 00:00 0 
b6795000-b67a0000 r-xp 00000000 08:01 4594923    /lib/i386-linux-gnu/libnss_files-2.15.so
b67a0000-b67a1000 r-xp 0000a000 08:01 4594923    /lib/i386-linux-gnu/libnss_files-2.15.so
b67a1000-b67a2000 rwxp 0000b000 08:01 4594923    /lib/i386-linux-gnu/libnss_files-2.15.so
b67a2000-b67b8000 r-xp 00000000 08:01 4594920    /lib/i386-linux-gnu/libnsl-2.15.so
b67b8000-b67b9000 r-xp 00015000 08:01 4594920    /lib/i386-linux-gnu/libnsl-2.15.so
b67b9000-b67ba000 rwxp 00016000 08:01 4594920    /lib/i386-linux-gnu/libnsl-2.15.so
b67ba000-b67bc000 rwxp 00000000 00:00 0 
b67bc000-b67bd000 r-xs 0002b000 08:01 7995573    /home/victor/projects/OsmAnd/git/DataExtractionOSM/lib/jleveldb-v01.jar
b67bd000-b67c0000 r-xs 00021000 08:01 7995657    /home/victor/projects/OsmAnd/git/DataExtractionOSM/lib/bsh-core-2.0b4.jar
b67c0000-b67ca000 r-xs 0011e000 08:01 7995469    /home/victor/projects/OsmAnd/git/DataExtractionOSM/lib/h2-latest.jar
b67ca000-b67d9000 r-xp 00000000 08:01 1709417    /usr/lib/jvm/java-6-sun-1.6.0.26/jre/lib/i386/libzip.so
b67d9000-b67db000 rwxp 0000e000 08:01 1709417    /usr/lib/jvm/java-6-sun-1.6.0.26/jre/lib/i386/libzip.so
b67db000-b67fe000 r-xp 00000000 08:01 1709414    /usr/lib/jvm/java-6-sun-1.6.0.26/jre/lib/i386/libjava.so
b67fe000-b6800000 rwxp 00023000 08:01 1709414    /usr/lib/jvm/java-6-sun-1.6.0.26/jre/lib/i386/libjava.so
b6800000-b6900000 rwxp 00000000 00:00 0 
b6900000-b6902000 r-xs 0000a000 08:01 7995470    /home/victor/projects/OsmAnd/git/DataExtractionOSM/lib/json-20090211.jar
b6902000-b6904000 r-xs 0000d000 08:01 7995468    /home/victor/projects/OsmAnd/git/DataExtractionOSM/lib/commons-logging-1.1.1.jar
b6904000-b6905000 r-xs 0000c000 08:01 7995763    /home/victor/projects/OsmAnd/git/DataExtractionOSM/lib/bzip2-20090327.jar
b6905000-b6906000 r-xp 002c5000 08:01 1049620    /usr/lib/locale/locale-archive
b6906000-b6910000 r-xp 00000000 08:01 4594925    /lib/i386-linux-gnu/libnss_nis-2.15.so
b6910000-b6911000 r-xp 00009000 08:01 4594925    /lib/i386-linux-gnu/libnss_nis-2.15.so
b6911000-b6912000 rwxp 0000a000 08:01 4594925    /lib/i386-linux-gnu/libnss_nis-2.15.so
b6912000-b6919000 r-xp 00000000 08:01 4594930    /lib/i386-linux-gnu/librt-2.15.so
b6919000-b691a000 r-xp 00006000 08:01 4594930    /lib/i386-linux-gnu/librt-2.15.so
b691a000-b691b000 rwxp 00007000 08:01 4594930    /lib/i386-linux-gnu/librt-2.15.so
b691b000-b691e000 ---p 00000000 00:00 0 
b691e000-b696c000 rwxp 00000000 00:00 0 
b696c000-b6996000 r-xp 00000000 08:01 4594918    /lib/i386-linux-gnu/libm-2.15.so
b6996000-b6997000 r-xp 00029000 08:01 4594918    /lib/i386-linux-gnu/libm-2.15.so
b6997000-b6998000 rwxp 0002a000 08:01 4594918    /lib/i386-linux-gnu/libm-2.15.so
b6998000-b714a000 r-xp 00000000 08:01 1709181    /usr/lib/jvm/java-6-sun-1.6.0.26/jre/lib/i386/server/libjvm.so
b714a000-b719e000 rwxp 007b1000 08:01 1709181    /usr/lib/jvm/java-6-sun-1.6.0.26/jre/lib/i386/server/libjvm.so
b719e000-b75bd000 rwxp 00000000 00:00 0 
b75bd000-b775c000 r-xp 00000000 08:01 4594914    /lib/i386-linux-gnu/libc-2.15.so
b775c000-b775e000 r-xp 0019f000 08:01 4594914    /lib/i386-linux-gnu/libc-2.15.so
b775e000-b775f000 rwxp 001a1000 08:01 4594914    /lib/i386-linux-gnu/libc-2.15.so
b775f000-b7762000 rwxp 00000000 00:00 0 
b7762000-b7765000 r-xp 00000000 08:01 4594917    /lib/i386-linux-gnu/libdl-2.15.so
b7765000-b7766000 r-xp 00002000 08:01 4594917    /lib/i386-linux-gnu/libdl-2.15.so
b7766000-b7767000 rwxp 00003000 08:01 4594917    /lib/i386-linux-gnu/libdl-2.15.so
b7767000-b776e000 r-xp 00000000 08:01 1709416    /usr/lib/jvm/java-6-sun-1.6.0.26/jre/lib/i386/jli/libjli.so
b776e000-b7770000 rwxp 00006000 08:01 1709416    /usr/lib/jvm/java-6-sun-1.6.0.26/jre/lib/i386/jli/libjli.so
b7770000-b7787000 r-xp 00000000 08:01 4594928    /lib/i386-linux-gnu/libpthread-2.15.so
b7787000-b7788000 r-xp 00016000 08:01 4594928    /lib/i386-linux-gnu/libpthread-2.15.so
b7788000-b7789000 rwxp 00017000 08:01 4594928    /lib/i386-linux-gnu/libpthread-2.15.so
b7789000-b778c000 rwxp 00000000 00:00 0 
b778c000-b7794000 rwxs 00000000 08:01 1441939    /tmp/hsperfdata_victor/11314
b7794000-b779b000 r-xp 00000000 08:01 4594921    /lib/i386-linux-gnu/libnss_compat-2.15.so
b779b000-b779c000 r-xp 00006000 08:01 4594921    /lib/i386-linux-gnu/libnss_compat-2.15.so
b779c000-b779d000 rwxp 00007000 08:01 4594921    /lib/i386-linux-gnu/libnss_compat-2.15.so
b779d000-b779e000 rwxp 00000000 00:00 0 
b779e000-b779f000 r-xp 00000000 00:00 0 
b779f000-b77aa000 r-xp 00000000 08:01 1709413    /usr/lib/jvm/java-6-sun-1.6.0.26/jre/lib/i386/libverify.so
b77aa000-b77ab000 rwxp 0000b000 08:01 1709413    /usr/lib/jvm/java-6-sun-1.6.0.26/jre/lib/i386/libverify.so
b77ab000-b77ad000 rwxp 00000000 00:00 0 
b77ad000-b77ae000 r-xp 00000000 00:00 0          [vdso]
b77ae000-b77ce000 r-xp 00000000 08:01 4592630    /lib/i386-linux-gnu/ld-2.15.so
b77ce000-b77cf000 r-xp 0001f000 08:01 4592630    /lib/i386-linux-gnu/ld-2.15.so
b77cf000-b77d0000 rwxp 00020000 08:01 4592630    /lib/i386-linux-gnu/ld-2.15.so
bff60000-bff81000 rwxp 00000000 00:00 0          [stack]

VM Arguments:
jvm_args: -Dfile.encoding=UTF-8 
java_command: net.osmand.swing.OsmExtractionUI
Launcher Type: SUN_STANDARD

Environment Variables:
PATH=/home/victor/bin:/usr/lib/lightdm/lightdm:/usr/local/sbin:/usr/local/bin:/usr/sbin:/usr/bin:/sbin:/bin:/usr/games
LD_LIBRARY_PATH=/usr/lib/jvm/java-6-sun-1.6.0.26/jre/lib/i386/server:/usr/lib/jvm/java-6-sun-1.6.0.26/jre/lib/i386:/usr/lib/jvm/java-6-sun-1.6.0.26/jre/../lib/i386:/usr/lib/jvm/java-6-openjdk-i386/jre/lib/i386/client:/usr/lib/jvm/java-6-openjdk-i386/jre/lib/i386:
SHELL=/bin/bash
DISPLAY=:0

Signal Handlers:
SIGSEGV: [libjvm.so+0x725510], sa_mask[0]=0x7ffbfeff, sa_flags=0x10000004
SIGBUS: [libjvm.so+0x725510], sa_mask[0]=0x7ffbfeff, sa_flags=0x10000004
SIGFPE: [libjvm.so+0x5dff20], sa_mask[0]=0x7ffbfeff, sa_flags=0x10000004
SIGPIPE: SIG_IGN, sa_mask[0]=0x00001000, sa_flags=0x10000000
SIGXFSZ: [libjvm.so+0x5dff20], sa_mask[0]=0x7ffbfeff, sa_flags=0x10000004
SIGILL: [libjvm.so+0x5dff20], sa_mask[0]=0x7ffbfeff, sa_flags=0x10000004
SIGUSR1: SIG_DFL, sa_mask[0]=0x00000000, sa_flags=0x00000000
SIGUSR2: [libjvm.so+0x5e3160], sa_mask[0]=0x00000004, sa_flags=0x10000004
SIGHUP: [libjvm.so+0x5e2d40], sa_mask[0]=0x7ffbfeff, sa_flags=0x10000004
SIGINT: [libjvm.so+0x5e2d40], sa_mask[0]=0x7ffbfeff, sa_flags=0x10000004
SIGTERM: [libjvm.so+0x5e2d40], sa_mask[0]=0x7ffbfeff, sa_flags=0x10000004
SIGQUIT: [libjvm.so+0x5e2d40], sa_mask[0]=0x7ffbfeff, sa_flags=0x10000004


---------------  S Y S T E M  ---------------

OS:wheezy/sid

uname:Linux 3.2.0-24-generic #39-Ubuntu SMP Mon May 21 16:51:22 UTC 2012 i686
libc:glibc 2.15 NPTL 2.15 
rlimit: STACK 8192k, CORE 0k, NPROC 22938, NOFILE 4096, AS infinity
load average:0.99 0.80 0.87

/proc/meminfo:
MemTotal:        2956440 kB
MemFree:          155580 kB
Buffers:            8384 kB
Cached:           548480 kB
SwapCached:        50572 kB
Active:          1791048 kB
Inactive:         881672 kB
Active(anon):    1650652 kB
Inactive(anon):   761216 kB
Active(file):     140396 kB
Inactive(file):   120456 kB
Unevictable:          48 kB
Mlocked:              48 kB
HighTotal:       2093212 kB
HighFree:          22620 kB
LowTotal:         863228 kB
LowFree:          132960 kB
SwapTotal:       8656892 kB
SwapFree:        7871220 kB
Dirty:              1452 kB
Writeback:           564 kB
AnonPages:       2100476 kB
Mapped:           115108 kB
Shmem:            295556 kB
Slab:              68048 kB
SReclaimable:      39616 kB
SUnreclaim:        28432 kB
KernelStack:        5040 kB
PageTables:        16716 kB
NFS_Unstable:          0 kB
Bounce:                0 kB
WritebackTmp:          0 kB
CommitLimit:    10135112 kB
Committed_AS:    6667908 kB
VmallocTotal:     122880 kB
VmallocUsed:       31220 kB
VmallocChunk:      38908 kB
HardwareCorrupted:     0 kB
AnonHugePages:         0 kB
HugePages_Total:       0
HugePages_Free:        0
HugePages_Rsvd:        0
HugePages_Surp:        0
Hugepagesize:       4096 kB
DirectMap4k:       16376 kB
DirectMap4M:      892928 kB


CPU:total 4 (2 cores per cpu, 2 threads per core) family 6 model 37 stepping 5, cmov, cx8, fxsr, mmx, sse, sse2, sse3, ssse3, sse4.1, sse4.2, popcnt, ht

/proc/cpuinfo:
processor	: 0
vendor_id	: GenuineIntel
cpu family	: 6
model		: 37
model name	: Intel(R) Core(TM) i5 CPU       M 460  @ 2.53GHz
stepping	: 5
microcode	: 0x2
cpu MHz		: 2399.000
cache size	: 3072 KB
physical id	: 0
siblings	: 4
core id		: 0
cpu cores	: 2
apicid		: 0
initial apicid	: 0
fdiv_bug	: no
hlt_bug		: no
f00f_bug	: no
coma_bug	: no
fpu		: yes
fpu_exception	: yes
cpuid level	: 11
wp		: yes
flags		: fpu vme de pse tsc msr pae mce cx8 apic mtrr pge mca cmov pat pse36 clflush dts acpi mmx fxsr sse sse2 ss ht tm pbe nx rdtscp lm constant_tsc arch_perfmon pebs bts xtopology nonstop_tsc aperfmperf pni dtes64 monitor ds_cpl vmx est tm2 ssse3 cx16 xtpr pdcm pcid sse4_1 sse4_2 popcnt lahf_lm ida arat dts tpr_shadow vnmi flexpriority ept vpid
bogomips	: 5054.38
clflush size	: 64
cache_alignment	: 64
address sizes	: 36 bits physical, 48 bits virtual
power management:

processor	: 1
vendor_id	: GenuineIntel
cpu family	: 6
model		: 37
model name	: Intel(R) Core(TM) i5 CPU       M 460  @ 2.53GHz
stepping	: 5
microcode	: 0x2
cpu MHz		: 1199.000
cache size	: 3072 KB
physical id	: 0
siblings	: 4
core id		: 0
cpu cores	: 2
apicid		: 1
initial apicid	: 1
fdiv_bug	: no
hlt_bug		: no
f00f_bug	: no
coma_bug	: no
fpu		: yes
fpu_exception	: yes
cpuid level	: 11
wp		: yes
flags		: fpu vme de pse tsc msr pae mce cx8 apic mtrr pge mca cmov pat pse36 clflush dts acpi mmx fxsr sse sse2 ss ht tm pbe nx rdtscp lm constant_tsc arch_perfmon pebs bts xtopology nonstop_tsc aperfmperf pni dtes64 monitor ds_cpl vmx est tm2 ssse3 cx16 xtpr pdcm pcid sse4_1 sse4_2 popcnt lahf_lm ida arat dts tpr_shadow vnmi flexpriority ept vpid
bogomips	: 5053.90
clflush size	: 64
cache_alignment	: 64
address sizes	: 36 bits physical, 48 bits virtual
power management:

processor	: 2
vendor_id	: GenuineIntel
cpu family	: 6
model		: 37
model name	: Intel(R) Core(TM) i5 CPU       M 460  @ 2.53GHz
stepping	: 5
microcode	: 0x2
cpu MHz		: 1733.000
cache size	: 3072 KB
physical id	: 0
siblings	: 4
core id		: 2
cpu cores	: 2
apicid		: 4
initial apicid	: 4
fdiv_bug	: no
hlt_bug		: no
f00f_bug	: no
coma_bug	: no
fpu		: yes
fpu_exception	: yes
cpuid level	: 11
wp		: yes
flags		: fpu vme de pse tsc msr pae mce cx8 apic mtrr pge mca cmov pat pse36 clflush dts acpi mmx fxsr sse sse2 ss ht tm pbe nx rdtscp lm constant_tsc arch_perfmon pebs bts xtopology nonstop_tsc aperfmperf pni dtes64 monitor ds_cpl vmx est tm2 ssse3 cx16 xtpr pdcm pcid sse4_1 sse4_2 popcnt lahf_lm ida arat dts tpr_shadow vnmi flexpriority ept vpid
bogomips	: 5053.92
clflush size	: 64
cache_alignment	: 64
address sizes	: 36 bits physical, 48 bits virtual
power management:

processor	: 3
vendor_id	: GenuineIntel
cpu family	: 6
model		: 37
model name	: Intel(R) Core(TM) i5 CPU       M 460  @ 2.53GHz
stepping	: 5
microcode	: 0x2
cpu MHz		: 1199.000
cache size	: 3072 KB
physical id	: 0
siblings	: 4
core id		: 2
cpu cores	: 2
apicid		: 5
initial apicid	: 5
fdiv_bug	: no
hlt_bug		: no
f00f_bug	: no
coma_bug	: no
fpu		: yes
fpu_exception	: yes
cpuid level	: 11
wp		: yes
flags		: fpu vme de pse tsc msr pae mce cx8 apic mtrr pge mca cmov pat pse36 clflush dts acpi mmx fxsr sse sse2 ss ht tm pbe nx rdtscp lm constant_tsc arch_perfmon pebs bts xtopology nonstop_tsc aperfmperf pni dtes64 monitor ds_cpl vmx est tm2 ssse3 cx16 xtpr pdcm pcid sse4_1 sse4_2 popcnt lahf_lm ida arat dts tpr_shadow vnmi flexpriority ept vpid
bogomips	: 5053.92
clflush size	: 64
cache_alignment	: 64
address sizes	: 36 bits physical, 48 bits virtual
power management:



Memory: 4k page, physical 2956440k(155580k free), swap 8656892k(7871220k free)

vm_info: Java HotSpot(TM) Server VM (20.1-b02) for linux-x86 JRE (1.6.0_26-b03), built on May  4 2011 01:04:10 by "java_re" with gcc 3.2.1-7a (J2SE release)

time: Sat Jun 16 17:11:09 2012
elapsed time: 2444 seconds

